<?xml version="1.0" encoding="UTF-8"?><testsuite errors="1" failures="0" name="MERCURIO -&gt; Desacoplamiento" skipped="0" tests="8" time="119.85" timestamp="2020-08-24 11:28:57"><testcase name="Menu carnetizacion / Opcion Gestion Carnes"/><testcase name="Menu carnetizacion / Opcion Solicitud masiva de carnes"/><testcase name="Menu Administracion / Opcion mantenimiento /  Opcion item Presupuesto"/><testcase name="Menu Administracion / Opcion Cambio documento"><error message="unexpected alert open&#10;  (Session info: chrome=84.0.4147.135)&#10;  (Driver info: chromedriver=2.44.609538 (b655c5a60b0b544917107a59d4153d4bf78e1b90),platform=Windows NT 10.0.17763 x86_64) (WARNING: The server did not provide any stacktrace information)&#10;Command duration or timeout: 0 milliseconds: null&#10;Build info: version: '3.141.59', revision: 'e82be7d358', time: '2018-11-14T08:17:03'&#10;System info: host: 'PTOF67355', ip: '192.168.0.146', os.name: 'Windows 10', os.arch: 'amd64', os.version: '10.0', java.version: '1.8.0_191'&#10;Driver info: org.openqa.selenium.remote.RemoteWebDriver&#10;Capabilities {acceptInsecureCerts: false, acceptSslCerts: false, applicationCacheEnabled: false, browserConnectionEnabled: false, browserName: chrome, chrome: {chromedriverVersion: 2.44.609538 (b655c5a60b0b54..., userDataDir: C:\Users\azapat29\AppData\L...}, cssSelectorsEnabled: true, databaseEnabled: false, goog:chromeOptions: {debuggerAddress: localhost:55176}, handlesAlerts: true, hasTouchScreen: false, javascriptEnabled: true, locationContextEnabled: true, mobileEmulationEnabled: false, nativeEvents: true, networkConnectionEnabled: false, pageLoadStrategy: normal, platform: XP, platformName: XP, rotatable: false, setWindowRect: true, takesHeapSnapshot: true, takesScreenshot: true, unexpectedAlertBehaviour: ignore, unhandledPromptBehavior: ignore, version: 84.0.4147.135, webStorageEnabled: true}&#10;Session ID: fd2fe7e8ced6046ef864f9f06c9a1d6d&#10;*** Element info: {Using=xpath, value=//td[@class='msgMensaje']}: null&#10;Build info: version: '3.141.59', revision: 'e82be7d358', time: '2018-11-14T08:17:03'&#10;System info: host: 'PTOF67355', ip: '192.168.0.146', os.name: 'Windows 10', os.arch: 'amd64', os.version: '10.0', java.version: '1.8.0_191'&#10;Driver info: driver.version: unknown" type="org.openqa.selenium.UnhandledAlertException">unexpected alert open
  (Session info: chrome=84.0.4147.135)
  (Driver info: chromedriver=2.44.609538 (b655c5a60b0b544917107a59d4153d4bf78e1b90),platform=Windows NT 10.0.17763 x86_64) (WARNING: The server did not provide any stacktrace information)
Command duration or timeout: 0 milliseconds: null
Build info: version: '3.141.59', revision: 'e82be7d358', time: '2018-11-14T08:17:03'
System info: host: 'PTOF67355', ip: '192.168.0.146', os.name: 'Windows 10', os.arch: 'amd64', os.version: '10.0', java.version: '1.8.0_191'
Driver info: org.openqa.selenium.remote.RemoteWebDriver
Capabilities {acceptInsecureCerts: false, acceptSslCerts: false, applicationCacheEnabled: false, browserConnectionEnabled: false, browserName: chrome, chrome: {chromedriverVersion: 2.44.609538 (b655c5a60b0b54..., userDataDir: C:\Users\azapat29\AppData\L...}, cssSelectorsEnabled: true, databaseEnabled: false, goog:chromeOptions: {debuggerAddress: localhost:55176}, handlesAlerts: true, hasTouchScreen: false, javascriptEnabled: true, locationContextEnabled: true, mobileEmulationEnabled: false, nativeEvents: true, networkConnectionEnabled: false, pageLoadStrategy: normal, platform: XP, platformName: XP, rotatable: false, setWindowRect: true, takesHeapSnapshot: true, takesScreenshot: true, unexpectedAlertBehaviour: ignore, unhandledPromptBehavior: ignore, version: 84.0.4147.135, webStorageEnabled: true}
Session ID: fd2fe7e8ced6046ef864f9f06c9a1d6d
*** Element info: {Using=xpath, value=//td[@class='msgMensaje']}: null
Build info: version: '3.141.59', revision: 'e82be7d358', time: '2018-11-14T08:17:03'
System info: host: 'PTOF67355', ip: '192.168.0.146', os.name: 'Windows 10', os.arch: 'amd64', os.version: '10.0', java.version: '1.8.0_191'
Driver info: driver.version: unknown</error><system-err>unexpected alert open
  (Session info: chrome=84.0.4147.135)
  (Driver info: chromedriver=2.44.609538 (b655c5a60b0b544917107a59d4153d4bf78e1b90),platform=Windows NT 10.0.17763 x86_64) (WARNING: The server did not provide any stacktrace information)
Command duration or timeout: 0 milliseconds: null
Build info: version: '3.141.59', revision: 'e82be7d358', time: '2018-11-14T08:17:03'
System info: host: 'PTOF67355', ip: '192.168.0.146', os.name: 'Windows 10', os.arch: 'amd64', os.version: '10.0', java.version: '1.8.0_191'
Driver info: org.openqa.selenium.remote.RemoteWebDriver
Capabilities {acceptInsecureCerts: false, acceptSslCerts: false, applicationCacheEnabled: false, browserConnectionEnabled: false, browserName: chrome, chrome: {chromedriverVersion: 2.44.609538 (b655c5a60b0b54..., userDataDir: C:\Users\azapat29\AppData\L...}, cssSelectorsEnabled: true, databaseEnabled: false, goog:chromeOptions: {debuggerAddress: localhost:55176}, handlesAlerts: true, hasTouchScreen: false, javascriptEnabled: true, locationContextEnabled: true, mobileEmulationEnabled: false, nativeEvents: true, networkConnectionEnabled: false, pageLoadStrategy: normal, platform: XP, platformName: XP, rotatable: false, setWindowRect: true, takesHeapSnapshot: true, takesScreenshot: true, unexpectedAlertBehaviour: ignore, unhandledPromptBehavior: ignore, version: 84.0.4147.135, webStorageEnabled: true}
Session ID: fd2fe7e8ced6046ef864f9f06c9a1d6d
*** Element info: {Using=xpath, value=//td[@class='msgMensaje']}: null
Build info: version: '3.141.59', revision: 'e82be7d358', time: '2018-11-14T08:17:03'
System info: host: 'PTOF67355', ip: '192.168.0.146', os.name: 'Windows 10', os.arch: 'amd64', os.version: '10.0', java.version: '1.8.0_191'
Driver info: driver.version: unknown&#13;
co.edu.eafit.pageObject.MercurioPageO.vemenscambio(MercurioPageO.java:314)&#13;
co.edu.eafit.Steps.MercurioStep.vemensajecambio(MercurioStep.java:170)&#13;
co.edu.eafit.definitions.MercurioDefinition.elVeEnPantallaElMensajeDeCambioDeDocumentoExitoso(MercurioDefinition.java:133)&#13;
cucumber.runner.Runner.runPickle(Runner.java:80)&#13;
org.eclipse.jdt.internal.junit4.runner.JUnit4TestReference.run(JUnit4TestReference.java:86)&#13;
org.eclipse.jdt.internal.junit.runner.TestExecution.run(TestExecution.java:38)&#13;
org.eclipse.jdt.internal.junit.runner.RemoteTestRunner.runTests(RemoteTestRunner.java:538)&#13;
org.eclipse.jdt.internal.junit.runner.RemoteTestRunner.runTests(RemoteTestRunner.java:760)&#13;
org.eclipse.jdt.internal.junit.runner.RemoteTestRunner.run(RemoteTestRunner.java:460)&#13;
org.eclipse.jdt.internal.junit.runner.RemoteTestRunner.main(RemoteTestRunner.java:206)&#13;
</system-err></testcase><testcase name="Menu Clientes / Opcion Datos basicos clientes"/><testcase name="Menu Clientes / Opcion Registro de clientes"/></testsuite>