<?xml version="1.0" encoding="UTF-8"?><testsuite errors="0" failures="7" name="MERCURIO: Ampliacion campo Numero documento de identidad" skipped="0" tests="7" time="20.67" timestamp="2020-08-24 09:55:04"><testcase name="Menu Clientes / Opcion Registro de clientes"><failure message="Expected enabled element was not enabled&#10;Build info: version: '3.141.59', revision: 'e82be7d358', time: '2018-11-14T08:17:03'&#10;System info: host: 'PTOF67355', ip: '192.168.0.146', os.name: 'Windows 10', os.arch: 'amd64', os.version: '10.0', java.version: '1.8.0_191'&#10;Driver info: driver.version: unknown" type="net.thucydides.core.webdriver.exceptions.ElementShouldBeEnabledException">Expected enabled element was not enabled
Build info: version: '3.141.59', revision: 'e82be7d358', time: '2018-11-14T08:17:03'
System info: host: 'PTOF67355', ip: '192.168.0.146', os.name: 'Windows 10', os.arch: 'amd64', os.version: '10.0', java.version: '1.8.0_191'
Driver info: driver.version: unknown</failure><system-err>Expected enabled element was not enabled
Build info: version: '3.141.59', revision: 'e82be7d358', time: '2018-11-14T08:17:03'
System info: host: 'PTOF67355', ip: '192.168.0.146', os.name: 'Windows 10', os.arch: 'amd64', os.version: '10.0', java.version: '1.8.0_191'
Driver info: driver.version: unknown&#13;
co.edu.eafit.pageObject.MercurioPageO.ingresodatosform(MercurioPageO.java:378)&#13;
co.edu.eafit.Steps.MercurioStep.ingresodatosform(MercurioStep.java:214)&#13;
co.edu.eafit.definitions.MercurioDefinition.elIngresaLosDatosDelClienteNombreApellidoGenero(MercurioDefinition.java:198)&#13;
✽.el ingresa los datos del cliente Nombre: "Ana" Apellido: "Restrepo" Genero: "F"(src/test/resources/features/MercurioAumDcto.feature:16)&#13;
</system-err></testcase></testsuite>