<?xml version="1.0" encoding="UTF-8"?><testsuite errors="0" failures="0" name="MERCURIO -&gt; Desacoplamiento" skipped="0" tests="8" time="142.06" timestamp="2020-08-26 09:58:40"><testcase name="Menu carnetizacion / Opcion Gestion Carnes"/><testcase name="Menu carnetizacion / Opcion Solicitud masiva de carnes"/><testcase name="Menu Administracion / Opcion mantenimiento /  Opcion item Presupuesto"/><testcase name="Menu Administracion / Opcion Cambio documento"/><testcase name="Menu Clientes / Opcion Datos basicos clientes"/><testcase name="Menu Clientes / Opcion Registro de clientes"/></testsuite>